{
"contracts\\Ruggie.sol":{"l":{"28":18,"30":18,"36":0},"path":"C:\\ETHProjects\\rugTARD_contract\\contracts\\Ruggie.sol","s":{"1":18,"2":18,"3":0},"b":{},"f":{"1":18,"2":0},"fnMap":{"1":{"name":"constructor","line":25,"loc":{"start":{"line":22,"column":4},"end":{"line":31,"column":4}}},"2":{"name":"rugpull","line":35,"loc":{"start":{"line":35,"column":4},"end":{"line":37,"column":4}}}},"statementMap":{"1":{"start":{"line":28,"column":8},"end":{"line":28,"column":40}},"2":{"start":{"line":30,"column":8},"end":{"line":30,"column":26}},"3":{"start":{"line":36,"column":8},"end":{"line":36,"column":36}}},"branchMap":{}},
"contracts\\RugTARDS.sol":{"l":{"49":18,"51":18,"53":18,"56":18,"57":18,"58":18,"64":16,"65":15,"66":14,"69":13,"70":5,"71":5,"74":8,"75":8,"82":1,"84":1,"85":1,"91":3,"92":1,"93":2,"94":1,"95":1,"101":1,"106":2,"111":2,"112":2,"118":1,"124":1,"128":0,"134":62},"path":"C:\\ETHProjects\\rugTARD_contract\\contracts\\RugTARDS.sol","s":{"1":16,"2":15,"3":14,"4":13,"5":5,"6":5,"7":8,"8":8,"9":1,"10":1,"11":3,"12":1,"13":2,"14":1,"15":1,"16":2,"17":0,"18":62},"b":{"1":[1,15],"2":[1,14],"3":[1,13],"4":[5,8],"5":[0,5],"6":[0,8],"7":[0,1],"8":[0,1],"9":[1,2],"10":[1,1],"11":[1,1],"12":[2,1],"13":[2,1],"14":[1,1],"15":[1,1],"16":[0,1]},"f":{"1":18,"2":16,"3":1,"4":3,"5":1,"6":2,"7":2,"8":1,"9":1,"10":0,"11":62},"fnMap":{"1":{"name":"constructor","line":47,"loc":{"start":{"line":45,"column":4},"end":{"line":59,"column":4}}},"2":{"name":"mint","line":63,"loc":{"start":{"line":63,"column":4},"end":{"line":77,"column":4}}},"3":{"name":"rugpull","line":81,"loc":{"start":{"line":81,"column":4},"end":{"line":86,"column":4}}},"4":{"name":"tokenURI","line":90,"loc":{"start":{"line":90,"column":4},"end":{"line":96,"column":4}}},"5":{"name":"updateBeneficiary","line":100,"loc":{"start":{"line":100,"column":4},"end":{"line":102,"column":4}}},"6":{"name":"updateHiddenTraits","line":105,"loc":{"start":{"line":105,"column":4},"end":{"line":107,"column":4}}},"7":{"name":"updateMintStatus","line":110,"loc":{"start":{"line":110,"column":4},"end":{"line":113,"column":4}}},"8":{"name":"updatePrice","line":117,"loc":{"start":{"line":117,"column":4},"end":{"line":119,"column":4}}},"9":{"name":"updateURI","line":123,"loc":{"start":{"line":123,"column":4},"end":{"line":125,"column":4}}},"10":{"name":"withdraw","line":127,"loc":{"start":{"line":127,"column":4},"end":{"line":129,"column":4}}},"11":{"name":"_startTokenId","line":133,"loc":{"start":{"line":133,"column":4},"end":{"line":135,"column":4}}}},"statementMap":{"1":{"start":{"line":64,"column":8},"end":{"line":64,"column":48}},"2":{"start":{"line":65,"column":8},"end":{"line":65,"column":53}},"3":{"start":{"line":66,"column":8},"end":{"line":66,"column":72}},"4":{"start":{"line":69,"column":8},"end":{"line":69,"column":2351}},"5":{"start":{"line":70,"column":12},"end":{"line":70,"column":78}},"6":{"start":{"line":71,"column":12},"end":{"line":71,"column":40}},"7":{"start":{"line":74,"column":12},"end":{"line":74,"column":76}},"8":{"start":{"line":75,"column":13},"end":{"line":75,"column":41}},"9":{"start":{"line":82,"column":8},"end":{"line":82,"column":57}},"10":{"start":{"line":84,"column":8},"end":{"line":84,"column":59}},"11":{"start":{"line":91,"column":8},"end":{"line":91,"column":3326}},"12":{"start":{"line":92,"column":12},"end":{"line":92,"column":28}},"13":{"start":{"line":93,"column":8},"end":{"line":93,"column":3384}},"14":{"start":{"line":94,"column":12},"end":{"line":94,"column":28}},"15":{"start":{"line":95,"column":8},"end":{"line":95,"column":77}},"16":{"start":{"line":112,"column":8},"end":{"line":112,"column":35}},"17":{"start":{"line":128,"column":8},"end":{"line":128,"column":59}},"18":{"start":{"line":134,"column":8},"end":{"line":134,"column":16}}},"branchMap":{"1":{"line":64,"type":"if","locations":[{"start":{"line":64,"column":8},"end":{"line":64,"column":8}},{"start":{"line":64,"column":8},"end":{"line":64,"column":8}}]},"2":{"line":65,"type":"if","locations":[{"start":{"line":65,"column":8},"end":{"line":65,"column":8}},{"start":{"line":65,"column":8},"end":{"line":65,"column":8}}]},"3":{"line":66,"type":"if","locations":[{"start":{"line":66,"column":8},"end":{"line":66,"column":8}},{"start":{"line":66,"column":8},"end":{"line":66,"column":8}}]},"4":{"line":69,"type":"if","locations":[{"start":{"line":69,"column":8},"end":{"line":69,"column":8}},{"start":{"line":69,"column":8},"end":{"line":69,"column":8}}]},"5":{"line":70,"type":"if","locations":[{"start":{"line":70,"column":12},"end":{"line":70,"column":12}},{"start":{"line":70,"column":12},"end":{"line":70,"column":12}}]},"6":{"line":74,"type":"if","locations":[{"start":{"line":74,"column":12},"end":{"line":74,"column":12}},{"start":{"line":74,"column":12},"end":{"line":74,"column":12}}]},"7":{"line":82,"type":"if","locations":[{"start":{"line":82,"column":8},"end":{"line":82,"column":8}},{"start":{"line":82,"column":8},"end":{"line":82,"column":8}}]},"8":{"line":84,"type":"if","locations":[{"start":{"line":84,"column":8},"end":{"line":84,"column":8}},{"start":{"line":84,"column":8},"end":{"line":84,"column":8}}]},"9":{"line":91,"type":"if","locations":[{"start":{"line":91,"column":8},"end":{"line":91,"column":8}},{"start":{"line":91,"column":8},"end":{"line":91,"column":8}}]},"10":{"line":93,"type":"if","locations":[{"start":{"line":93,"column":8},"end":{"line":93,"column":8}},{"start":{"line":93,"column":8},"end":{"line":93,"column":8}}]},"11":{"line":100,"type":"if","locations":[{"start":{"line":100,"column":64},"end":{"line":100,"column":64}},{"start":{"line":100,"column":64},"end":{"line":100,"column":64}}]},"12":{"line":105,"type":"if","locations":[{"start":{"line":105,"column":43},"end":{"line":105,"column":43}},{"start":{"line":105,"column":43},"end":{"line":105,"column":43}}]},"13":{"line":110,"type":"if","locations":[{"start":{"line":110,"column":41},"end":{"line":110,"column":41}},{"start":{"line":110,"column":41},"end":{"line":110,"column":41}}]},"14":{"line":117,"type":"if","locations":[{"start":{"line":117,"column":52},"end":{"line":117,"column":52}},{"start":{"line":117,"column":52},"end":{"line":117,"column":52}}]},"15":{"line":123,"type":"if","locations":[{"start":{"line":123,"column":56},"end":{"line":123,"column":56}},{"start":{"line":123,"column":56},"end":{"line":123,"column":56}}]},"16":{"line":127,"type":"if","locations":[{"start":{"line":127,"column":33},"end":{"line":127,"column":33}},{"start":{"line":127,"column":33},"end":{"line":127,"column":33}}]}}}}
