TN:
SF:C:\ETHProjects\rugTARD_contract\contracts\Ruggie.sol
FN:25,constructor
FN:35,rugpull
FNF:2
FNH:1
FNDA:18,constructor
FNDA:0,rugpull
DA:28,18
DA:30,18
DA:36,0
LF:3
LH:2
BRF:0
BRH:0
end_of_record
TN:
SF:C:\ETHProjects\rugTARD_contract\contracts\RugTARDS.sol
FN:47,constructor
FN:63,mint
FN:81,rugpull
FN:90,tokenURI
FN:100,updateBeneficiary
FN:105,updateHiddenTraits
FN:110,updateMintStatus
FN:117,updatePrice
FN:123,updateURI
FN:127,withdraw
FN:133,_startTokenId
FNF:11
FNH:10
FNDA:18,constructor
FNDA:16,mint
FNDA:1,rugpull
FNDA:3,tokenURI
FNDA:1,updateBeneficiary
FNDA:2,updateHiddenTraits
FNDA:2,updateMintStatus
FNDA:1,updatePrice
FNDA:1,updateURI
FNDA:0,withdraw
FNDA:62,_startTokenId
DA:49,18
DA:51,18
DA:53,18
DA:56,18
DA:57,18
DA:58,18
DA:64,16
DA:65,15
DA:66,14
DA:69,13
DA:70,5
DA:71,5
DA:74,8
DA:75,8
DA:82,1
DA:84,1
DA:85,1
DA:91,3
DA:92,1
DA:93,2
DA:94,1
DA:95,1
DA:101,1
DA:106,2
DA:111,2
DA:112,2
DA:118,1
DA:124,1
DA:128,0
DA:134,62
LF:30
LH:29
BRDA:64,1,0,1
BRDA:64,1,1,15
BRDA:65,2,0,1
BRDA:65,2,1,14
BRDA:66,3,0,1
BRDA:66,3,1,13
BRDA:69,4,0,5
BRDA:69,4,1,8
BRDA:70,5,0,0
BRDA:70,5,1,5
BRDA:74,6,0,0
BRDA:74,6,1,8
BRDA:82,7,0,0
BRDA:82,7,1,1
BRDA:84,8,0,0
BRDA:84,8,1,1
BRDA:91,9,0,1
BRDA:91,9,1,2
BRDA:93,10,0,1
BRDA:93,10,1,1
BRDA:100,11,0,1
BRDA:100,11,1,1
BRDA:105,12,0,2
BRDA:105,12,1,1
BRDA:110,13,0,2
BRDA:110,13,1,1
BRDA:117,14,0,1
BRDA:117,14,1,1
BRDA:123,15,0,1
BRDA:123,15,1,1
BRDA:127,16,0,0
BRDA:127,16,1,1
BRF:32
BRH:27
end_of_record
